<?xml version="1.0" encoding="utf-8"?><testsuites name="pytest tests"><testsuite name="pytest" errors="0" failures="0" skipped="0" tests="24" time="3.717" timestamp="2026-08-27T07:59:02.680436+00:00" hostname="agent-env-7a817472-22d5-41ae-80c4-ee5832daec78"><testcase classname="tests.backend_test.TestAuth" name="test_login_success" time="0.380" /><testcase classname="tests.backend_test.TestAuth" name="test_login_invalid_password" time="0.497" /><testcase classname="tests.backend_test.TestAdmin" name="test_stats" time="0.877" /><testcase classname="tests.backend_test.TestAdmin" name="test_leads_sorted_desc" time="0.049" /><testcase classname="tests.backend_test.TestAdmin" name="test_filter_category_hot" time="0.224" /><testcase classname="tests.backend_test.TestAuth" name="test_me" time="0.312" /><testcase classname="tests.backend_test.TestAdmin" name="test_filter_status" time="0.049" /><testcase classname="tests.backend_test.TestAuth" name="test_me_bad_token" time="0.130" /><testcase classname="tests.backend_test.TestAdmin" name="test_filter_q" time="0.140" /><testcase classname="tests.backend_test.TestAuth" name="test_admin_endpoints_require_auth" time="0.255" /><testcase classname="tests.backend_test.TestAdmin" name="test_status_update_persists" time="0.144" /><testcase classname="tests.backend_test.TestAdmin" name="test_status_invalid" time="0.135" /><testcase classname="tests.backend_test.TestAuth" name="test_bcrypt_hash_format" time="0.069" /><testcase classname="tests.backend_test.TestAdmin" name="test_lead_not_found" time="0.048" /><testcase classname="tests.backend_test.TestLeads" name="test_hot_lead_zaventem" time="0.286" /><testcase classname="tests.backend_test.TestUpload" name="test_upload_png" time="0.220" /><testcase classname="tests.backend_test.TestUpload" name="test_upload_disallowed_type" time="0.046" /><testcase classname="tests.backend_test.TestLeads" name="test_outside_area_capped" time="0.041" /><testcase classname="tests.backend_test.TestUpload" name="test_upload_empty" time="0.044" /><testcase classname="tests.backend_test.TestLeads" name="test_small_keuken_lead_low_or_normal" time="0.047" /><testcase classname="tests.backend_test.TestHealth" name="test_root" time="0.047" /><testcase classname="tests.backend_test.TestLeads" name="test_missing_project_type" time="0.041" /><testcase classname="tests.backend_test.TestFiles" name="test_file_served_with_token" time="0.656" /><testcase classname="tests.backend_test.TestLeads" name="test_invalid_email" time="0.115" /></testsuite></testsuites>